/Users/pavelbonda/.rbenv/versions/2.4.2/lib/ruby/gems/2.4.0/gems/bundler-1.16.1/lib/bundler/spec_set.rb:88:in `block in materialize': Could not find rake-12.3.0 in any of the sources (Bundler::GemNotFound)
	from /Users/pavelbonda/.rbenv/versions/2.4.2/lib/ruby/gems/2.4.0/gems/bundler-1.16.1/lib/bundler/spec_set.rb:82:in `map!'
	from /Users/pavelbonda/.rbenv/versions/2.4.2/lib/ruby/gems/2.4.0/gems/bundler-1.16.1/lib/bundler/spec_set.rb:82:in `materialize'
	from /Users/pavelbonda/.rbenv/versions/2.4.2/lib/ruby/gems/2.4.0/gems/bundler-1.16.1/lib/bundler/definition.rb:170:in `specs'
	from /Users/pavelbonda/.rbenv/versions/2.4.2/lib/ruby/gems/2.4.0/gems/bundler-1.16.1/lib/bundler/definition.rb:237:in `specs_for'
	from /Users/pavelbonda/.rbenv/versions/2.4.2/lib/ruby/gems/2.4.0/gems/bundler-1.16.1/lib/bundler/definition.rb:226:in `requested_specs'
	from /Users/pavelbonda/.rbenv/versions/2.4.2/lib/ruby/gems/2.4.0/gems/bundler-1.16.1/lib/bundler/runtime.rb:108:in `block in definition_method'
	from /Users/pavelbonda/.rbenv/versions/2.4.2/lib/ruby/gems/2.4.0/gems/bundler-1.16.1/lib/bundler/runtime.rb:20:in `setup'
	from /Users/pavelbonda/.rbenv/versions/2.4.2/lib/ruby/gems/2.4.0/gems/bundler-1.16.1/lib/bundler.rb:107:in `setup'
	from /Users/pavelbonda/.rbenv/versions/2.4.2/lib/ruby/gems/2.4.0/gems/bundler-1.16.1/lib/bundler/setup.rb:20:in `<top (required)>'
	from /System/Library/Frameworks/Ruby.framework/Versions/2.3/usr/lib/ruby/2.3.0/rubygems/core_ext/kernel_require.rb:55:in `require'
	from /System/Library/Frameworks/Ruby.framework/Versions/2.3/usr/lib/ruby/2.3.0/rubygems/core_ext/kernel_require.rb:55:in `require'
/Users/pavelbonda/.rbenv/versions/2.4.2/lib/ruby/gems/2.4.0/gems/bundler-1.16.1/lib/bundler/spec_set.rb:88:in `block in materialize': Could not find rake-12.3.0 in any of the sources (Bundler::GemNotFound)
	from /Users/pavelbonda/.rbenv/versions/2.4.2/lib/ruby/gems/2.4.0/gems/bundler-1.16.1/lib/bundler/spec_set.rb:82:in `map!'
	from /Users/pavelbonda/.rbenv/versions/2.4.2/lib/ruby/gems/2.4.0/gems/bundler-1.16.1/lib/bundler/spec_set.rb:82:in `materialize'
	from /Users/pavelbonda/.rbenv/versions/2.4.2/lib/ruby/gems/2.4.0/gems/bundler-1.16.1/lib/bundler/definition.rb:170:in `specs'
	from /Users/pavelbonda/.rbenv/versions/2.4.2/lib/ruby/gems/2.4.0/gems/bundler-1.16.1/lib/bundler/definition.rb:237:in `specs_for'
	from /Users/pavelbonda/.rbenv/versions/2.4.2/lib/ruby/gems/2.4.0/gems/bundler-1.16.1/lib/bundler/definition.rb:226:in `requested_specs'
	from /Users/pavelbonda/.rbenv/versions/2.4.2/lib/ruby/gems/2.4.0/gems/bundler-1.16.1/lib/bundler/runtime.rb:108:in `block in definition_method'
	from /Users/pavelbonda/.rbenv/versions/2.4.2/lib/ruby/gems/2.4.0/gems/bundler-1.16.1/lib/bundler/runtime.rb:20:in `setup'
	from /Users/pavelbonda/.rbenv/versions/2.4.2/lib/ruby/gems/2.4.0/gems/bundler-1.16.1/lib/bundler.rb:107:in `setup'
	from /Users/pavelbonda/.rbenv/versions/2.4.2/lib/ruby/gems/2.4.0/gems/bundler-1.16.1/lib/bundler/setup.rb:20:in `<top (required)>'
	from /System/Library/Frameworks/Ruby.framework/Versions/2.3/usr/lib/ruby/2.3.0/rubygems/core_ext/kernel_require.rb:55:in `require'
	from /System/Library/Frameworks/Ruby.framework/Versions/2.3/usr/lib/ruby/2.3.0/rubygems/core_ext/kernel_require.rb:55:in `require'
/Users/pavelbonda/.rbenv/versions/2.4.2/lib/ruby/gems/2.4.0/gems/bundler-1.16.1/lib/bundler/spec_set.rb:88:in `block in materialize': Could not find rake-12.3.0 in any of the sources (Bundler::GemNotFound)
	from /Users/pavelbonda/.rbenv/versions/2.4.2/lib/ruby/gems/2.4.0/gems/bundler-1.16.1/lib/bundler/spec_set.rb:82:in `map!'
	from /Users/pavelbonda/.rbenv/versions/2.4.2/lib/ruby/gems/2.4.0/gems/bundler-1.16.1/lib/bundler/spec_set.rb:82:in `materialize'
	from /Users/pavelbonda/.rbenv/versions/2.4.2/lib/ruby/gems/2.4.0/gems/bundler-1.16.1/lib/bundler/definition.rb:170:in `specs'
	from /Users/pavelbonda/.rbenv/versions/2.4.2/lib/ruby/gems/2.4.0/gems/bundler-1.16.1/lib/bundler/definition.rb:237:in `specs_for'
	from /Users/pavelbonda/.rbenv/versions/2.4.2/lib/ruby/gems/2.4.0/gems/bundler-1.16.1/lib/bundler/definition.rb:226:in `requested_specs'
	from /Users/pavelbonda/.rbenv/versions/2.4.2/lib/ruby/gems/2.4.0/gems/bundler-1.16.1/lib/bundler/runtime.rb:108:in `block in definition_method'
	from /Users/pavelbonda/.rbenv/versions/2.4.2/lib/ruby/gems/2.4.0/gems/bundler-1.16.1/lib/bundler/runtime.rb:20:in `setup'
	from /Users/pavelbonda/.rbenv/versions/2.4.2/lib/ruby/gems/2.4.0/gems/bundler-1.16.1/lib/bundler.rb:107:in `setup'
	from /Users/pavelbonda/.rbenv/versions/2.4.2/lib/ruby/gems/2.4.0/gems/bundler-1.16.1/lib/bundler/setup.rb:20:in `<top (required)>'
	from /System/Library/Frameworks/Ruby.framework/Versions/2.3/usr/lib/ruby/2.3.0/rubygems/core_ext/kernel_require.rb:55:in `require'
	from /System/Library/Frameworks/Ruby.framework/Versions/2.3/usr/lib/ruby/2.3.0/rubygems/core_ext/kernel_require.rb:55:in `require'
/Users/pavelbonda/.rbenv/versions/2.4.2/lib/ruby/gems/2.4.0/gems/bundler-1.16.1/lib/bundler/spec_set.rb:88:in `block in materialize': Could not find rake-12.3.0 in any of the sources (Bundler::GemNotFound)
	from /Users/pavelbonda/.rbenv/versions/2.4.2/lib/ruby/gems/2.4.0/gems/bundler-1.16.1/lib/bundler/spec_set.rb:82:in `map!'
	from /Users/pavelbonda/.rbenv/versions/2.4.2/lib/ruby/gems/2.4.0/gems/bundler-1.16.1/lib/bundler/spec_set.rb:82:in `materialize'
	from /Users/pavelbonda/.rbenv/versions/2.4.2/lib/ruby/gems/2.4.0/gems/bundler-1.16.1/lib/bundler/definition.rb:170:in `specs'
	from /Users/pavelbonda/.rbenv/versions/2.4.2/lib/ruby/gems/2.4.0/gems/bundler-1.16.1/lib/bundler/definition.rb:237:in `specs_for'
	from /Users/pavelbonda/.rbenv/versions/2.4.2/lib/ruby/gems/2.4.0/gems/bundler-1.16.1/lib/bundler/definition.rb:226:in `requested_specs'
	from /Users/pavelbonda/.rbenv/versions/2.4.2/lib/ruby/gems/2.4.0/gems/bundler-1.16.1/lib/bundler/runtime.rb:108:in `block in definition_method'
	from /Users/pavelbonda/.rbenv/versions/2.4.2/lib/ruby/gems/2.4.0/gems/bundler-1.16.1/lib/bundler/runtime.rb:20:in `setup'
	from /Users/pavelbonda/.rbenv/versions/2.4.2/lib/ruby/gems/2.4.0/gems/bundler-1.16.1/lib/bundler.rb:107:in `setup'
	from /Users/pavelbonda/.rbenv/versions/2.4.2/lib/ruby/gems/2.4.0/gems/bundler-1.16.1/lib/bundler/setup.rb:20:in `<top (required)>'
	from /System/Library/Frameworks/Ruby.framework/Versions/2.3/usr/lib/ruby/2.3.0/rubygems/core_ext/kernel_require.rb:55:in `require'
	from /System/Library/Frameworks/Ruby.framework/Versions/2.3/usr/lib/ruby/2.3.0/rubygems/core_ext/kernel_require.rb:55:in `require'
/Users/pavelbonda/.rbenv/versions/2.4.2/lib/ruby/gems/2.4.0/gems/bundler-1.16.1/lib/bundler/spec_set.rb:88:in `block in materialize': Could not find rake-12.3.0 in any of the sources (Bundler::GemNotFound)
	from /Users/pavelbonda/.rbenv/versions/2.4.2/lib/ruby/gems/2.4.0/gems/bundler-1.16.1/lib/bundler/spec_set.rb:82:in `map!'
	from /Users/pavelbonda/.rbenv/versions/2.4.2/lib/ruby/gems/2.4.0/gems/bundler-1.16.1/lib/bundler/spec_set.rb:82:in `materialize'
	from /Users/pavelbonda/.rbenv/versions/2.4.2/lib/ruby/gems/2.4.0/gems/bundler-1.16.1/lib/bundler/definition.rb:170:in `specs'
	from /Users/pavelbonda/.rbenv/versions/2.4.2/lib/ruby/gems/2.4.0/gems/bundler-1.16.1/lib/bundler/definition.rb:237:in `specs_for'
	from /Users/pavelbonda/.rbenv/versions/2.4.2/lib/ruby/gems/2.4.0/gems/bundler-1.16.1/lib/bundler/definition.rb:226:in `requested_specs'
	from /Users/pavelbonda/.rbenv/versions/2.4.2/lib/ruby/gems/2.4.0/gems/bundler-1.16.1/lib/bundler/runtime.rb:108:in `block in definition_method'
	from /Users/pavelbonda/.rbenv/versions/2.4.2/lib/ruby/gems/2.4.0/gems/bundler-1.16.1/lib/bundler/runtime.rb:20:in `setup'
	from /Users/pavelbonda/.rbenv/versions/2.4.2/lib/ruby/gems/2.4.0/gems/bundler-1.16.1/lib/bundler.rb:107:in `setup'
	from /Users/pavelbonda/.rbenv/versions/2.4.2/lib/ruby/gems/2.4.0/gems/bundler-1.16.1/lib/bundler/setup.rb:20:in `<top (required)>'
	from /System/Library/Frameworks/Ruby.framework/Versions/2.3/usr/lib/ruby/2.3.0/rubygems/core_ext/kernel_require.rb:55:in `require'
	from /System/Library/Frameworks/Ruby.framework/Versions/2.3/usr/lib/ruby/2.3.0/rubygems/core_ext/kernel_require.rb:55:in `require'
/Users/pavelbonda/.rbenv/versions/2.4.2/lib/ruby/gems/2.4.0/gems/bundler-1.16.1/lib/bundler/spec_set.rb:88:in `block in materialize'/Users/pavelbonda/.rbenv/versions/2.4.2/lib/ruby/gems/2.4.0/gems/bundler-1.16.1/lib/bundler/spec_set.rb:88:in `block in materialize': Could not find rake-12.3.0 in any of the sources (Bundler::GemNotFound: Could not find rake-12.3.0 in any of the sources ()
Bundler::GemNotFound)
	from /Users/pavelbonda/.rbenv/versions/2.4.2/lib/ruby/gems/2.4.0/gems/bundler-1.16.1/lib/bundler/spec_set.rb:82:in `map!'
	from /Users/pavelbonda/.rbenv/versions/2.4.2/lib/ruby/gems/2.4.0/gems/bundler-1.16.1/lib/bundler/spec_set.rb:82:in `map!'
	from /Users/pavelbonda/.rbenv/versions/2.4.2/lib/ruby/gems/2.4.0/gems/bundler-1.16.1/lib/bundler/spec_set.rb:82:in `materialize'
	from /Users/pavelbonda/.rbenv/versions/2.4.2/lib/ruby/gems/2.4.0/gems/bundler-1.16.1/lib/bundler/spec_set.rb:82:in `materialize'
	from /Users/pavelbonda/.rbenv/versions/2.4.2/lib/ruby/gems/2.4.0/gems/bundler-1.16.1/lib/bundler/definition.rb:170:in `specs'
	from /Users/pavelbonda/.rbenv/versions/2.4.2/lib/ruby/gems/2.4.0/gems/bundler-1.16.1/lib/bundler/definition.rb:237:in `specs_for'
	from /Users/pavelbonda/.rbenv/versions/2.4.2/lib/ruby/gems/2.4.0/gems/bundler-1.16.1/lib/bundler/definition.rb:170:in `specs'
	from /Users/pavelbonda/.rbenv/versions/2.4.2/lib/ruby/gems/2.4.0/gems/bundler-1.16.1/lib/bundler/definition.rb:237:in `specs_for'
	from /Users/pavelbonda/.rbenv/versions/2.4.2/lib/ruby/gems/2.4.0/gems/bundler-1.16.1/lib/bundler/definition.rb:226:in `requested_specs'
	from /Users/pavelbonda/.rbenv/versions/2.4.2/lib/ruby/gems/2.4.0/gems/bundler-1.16.1/lib/bundler/runtime.rb:108:in `block in definition_method'
	from /Users/pavelbonda/.rbenv/versions/2.4.2/lib/ruby/gems/2.4.0/gems/bundler-1.16.1/lib/bundler/definition.rb:226:in `requested_specs'
	from /Users/pavelbonda/.rbenv/versions/2.4.2/lib/ruby/gems/2.4.0/gems/bundler-1.16.1/lib/bundler/runtime.rb:20:in `setup'
	from /Users/pavelbonda/.rbenv/versions/2.4.2/lib/ruby/gems/2.4.0/gems/bundler-1.16.1/lib/bundler.rb:107:in `setup'
	from /Users/pavelbonda/.rbenv/versions/2.4.2/lib/ruby/gems/2.4.0/gems/bundler-1.16.1/lib/bundler/setup.rb:20:in `<top (required)>'
	from /Users/pavelbonda/.rbenv/versions/2.4.2/lib/ruby/gems/2.4.0/gems/bundler-1.16.1/lib/bundler/runtime.rb:108:in `block in definition_method'
	from /System/Library/Frameworks/Ruby.framework/Versions/2.3/usr/lib/ruby/2.3.0/rubygems/core_ext/kernel_require.rb:55:in `require'
	from /Users/pavelbonda/.rbenv/versions/2.4.2/lib/ruby/gems/2.4.0/gems/bundler-1.16.1/lib/bundler/runtime.rb:20:in `setup'
	from /Users/pavelbonda/.rbenv/versions/2.4.2/lib/ruby/gems/2.4.0/gems/bundler-1.16.1/lib/bundler.rb:107:in `setup'
	from /System/Library/Frameworks/Ruby.framework/Versions/2.3/usr/lib/ruby/2.3.0/rubygems/core_ext/kernel_require.rb:55:in `require'
	from /Users/pavelbonda/.rbenv/versions/2.4.2/lib/ruby/gems/2.4.0/gems/bundler-1.16.1/lib/bundler/setup.rb:20:in `<top (required)>'
	from /System/Library/Frameworks/Ruby.framework/Versions/2.3/usr/lib/ruby/2.3.0/rubygems/core_ext/kernel_require.rb:55:in `require'
	from /System/Library/Frameworks/Ruby.framework/Versions/2.3/usr/lib/ruby/2.3.0/rubygems/core_ext/kernel_require.rb:55:in `require'
/Users/pavelbonda/.rbenv/versions/2.4.2/lib/ruby/gems/2.4.0/gems/bundler-1.16.1/lib/bundler/spec_set.rb:88:in `block in materialize': Could not find rake-12.3.0 in any of the sources (Bundler::GemNotFound)
	from /Users/pavelbonda/.rbenv/versions/2.4.2/lib/ruby/gems/2.4.0/gems/bundler-1.16.1/lib/bundler/spec_set.rb:82:in `map!'
	from /Users/pavelbonda/.rbenv/versions/2.4.2/lib/ruby/gems/2.4.0/gems/bundler-1.16.1/lib/bundler/spec_set.rb:82:in `materialize'
	from /Users/pavelbonda/.rbenv/versions/2.4.2/lib/ruby/gems/2.4.0/gems/bundler-1.16.1/lib/bundler/definition.rb:170:in `specs'
	from /Users/pavelbonda/.rbenv/versions/2.4.2/lib/ruby/gems/2.4.0/gems/bundler-1.16.1/lib/bundler/definition.rb:237:in `specs_for'
	from /Users/pavelbonda/.rbenv/versions/2.4.2/lib/ruby/gems/2.4.0/gems/bundler-1.16.1/lib/bundler/definition.rb:226:in `requested_specs'
	from /Users/pavelbonda/.rbenv/versions/2.4.2/lib/ruby/gems/2.4.0/gems/bundler-1.16.1/lib/bundler/runtime.rb:108:in `block in definition_method'
	from /Users/pavelbonda/.rbenv/versions/2.4.2/lib/ruby/gems/2.4.0/gems/bundler-1.16.1/lib/bundler/runtime.rb:20:in `setup'
	from /Users/pavelbonda/.rbenv/versions/2.4.2/lib/ruby/gems/2.4.0/gems/bundler-1.16.1/lib/bundler.rb:107:in `setup'
	from /Users/pavelbonda/.rbenv/versions/2.4.2/lib/ruby/gems/2.4.0/gems/bundler-1.16.1/lib/bundler/setup.rb:20:in `<top (required)>'
	from /System/Library/Frameworks/Ruby.framework/Versions/2.3/usr/lib/ruby/2.3.0/rubygems/core_ext/kernel_require.rb:55:in `require'
	from /System/Library/Frameworks/Ruby.framework/Versions/2.3/usr/lib/ruby/2.3.0/rubygems/core_ext/kernel_require.rb:55:in `require'
/Users/pavelbonda/.rbenv/versions/2.4.2/lib/ruby/gems/2.4.0/gems/bundler-1.16.1/lib/bundler/spec_set.rb:88:in `block in materialize': Could not find rake-12.3.0 in any of the sources (Bundler::GemNotFound)
	from /Users/pavelbonda/.rbenv/versions/2.4.2/lib/ruby/gems/2.4.0/gems/bundler-1.16.1/lib/bundler/spec_set.rb:82:in `map!'
	from /Users/pavelbonda/.rbenv/versions/2.4.2/lib/ruby/gems/2.4.0/gems/bundler-1.16.1/lib/bundler/spec_set.rb:82:in `materialize'
	from /Users/pavelbonda/.rbenv/versions/2.4.2/lib/ruby/gems/2.4.0/gems/bundler-1.16.1/lib/bundler/definition.rb:170:in `specs'
	from /Users/pavelbonda/.rbenv/versions/2.4.2/lib/ruby/gems/2.4.0/gems/bundler-1.16.1/lib/bundler/definition.rb:237:in `specs_for'
	from /Users/pavelbonda/.rbenv/versions/2.4.2/lib/ruby/gems/2.4.0/gems/bundler-1.16.1/lib/bundler/definition.rb:226:in `requested_specs'
	from /Users/pavelbonda/.rbenv/versions/2.4.2/lib/ruby/gems/2.4.0/gems/bundler-1.16.1/lib/bundler/runtime.rb:108:in `block in definition_method'
	from /Users/pavelbonda/.rbenv/versions/2.4.2/lib/ruby/gems/2.4.0/gems/bundler-1.16.1/lib/bundler/runtime.rb:20:in `setup'
	from /Users/pavelbonda/.rbenv/versions/2.4.2/lib/ruby/gems/2.4.0/gems/bundler-1.16.1/lib/bundler.rb:107:in `setup'
	from /Users/pavelbonda/.rbenv/versions/2.4.2/lib/ruby/gems/2.4.0/gems/bundler-1.16.1/lib/bundler/setup.rb:20:in `<top (required)>'
	from /System/Library/Frameworks/Ruby.framework/Versions/2.3/usr/lib/ruby/2.3.0/rubygems/core_ext/kernel_require.rb:55:in `require'
	from /System/Library/Frameworks/Ruby.framework/Versions/2.3/usr/lib/ruby/2.3.0/rubygems/core_ext/kernel_require.rb:55:in `require'
/Users/pavelbonda/.rbenv/versions/2.4.2/lib/ruby/gems/2.4.0/gems/bundler-1.16.1/lib/bundler/spec_set.rb:88:in `block in materialize': Could not find rake-12.3.0 in any of the sources (Bundler::GemNotFound)
	from /Users/pavelbonda/.rbenv/versions/2.4.2/lib/ruby/gems/2.4.0/gems/bundler-1.16.1/lib/bundler/spec_set.rb:82:in `map!'
	from /Users/pavelbonda/.rbenv/versions/2.4.2/lib/ruby/gems/2.4.0/gems/bundler-1.16.1/lib/bundler/spec_set.rb:82:in `materialize'
	from /Users/pavelbonda/.rbenv/versions/2.4.2/lib/ruby/gems/2.4.0/gems/bundler-1.16.1/lib/bundler/definition.rb:170:in `specs'
	from /Users/pavelbonda/.rbenv/versions/2.4.2/lib/ruby/gems/2.4.0/gems/bundler-1.16.1/lib/bundler/definition.rb:237:in `specs_for'
	from /Users/pavelbonda/.rbenv/versions/2.4.2/lib/ruby/gems/2.4.0/gems/bundler-1.16.1/lib/bundler/definition.rb:226:in `requested_specs'
	from /Users/pavelbonda/.rbenv/versions/2.4.2/lib/ruby/gems/2.4.0/gems/bundler-1.16.1/lib/bundler/runtime.rb:108:in `block in definition_method'
	from /Users/pavelbonda/.rbenv/versions/2.4.2/lib/ruby/gems/2.4.0/gems/bundler-1.16.1/lib/bundler/runtime.rb:20:in `setup'
	from /Users/pavelbonda/.rbenv/versions/2.4.2/lib/ruby/gems/2.4.0/gems/bundler-1.16.1/lib/bundler.rb:107:in `setup'
	from /Users/pavelbonda/.rbenv/versions/2.4.2/lib/ruby/gems/2.4.0/gems/bundler-1.16.1/lib/bundler/setup.rb:20:in `<top (required)>'
	from /System/Library/Frameworks/Ruby.framework/Versions/2.3/usr/lib/ruby/2.3.0/rubygems/core_ext/kernel_require.rb:55:in `require'
	from /System/Library/Frameworks/Ruby.framework/Versions/2.3/usr/lib/ruby/2.3.0/rubygems/core_ext/kernel_require.rb:55:in `require'
/Users/pavelbonda/.rbenv/versions/2.4.2/lib/ruby/gems/2.4.0/gems/bundler-1.16.1/lib/bundler/spec_set.rb:88:in `block in materialize': Could not find rake-12.3.0 in any of the sources (Bundler::GemNotFound)
	from /Users/pavelbonda/.rbenv/versions/2.4.2/lib/ruby/gems/2.4.0/gems/bundler-1.16.1/lib/bundler/spec_set.rb:82:in `map!'
	from /Users/pavelbonda/.rbenv/versions/2.4.2/lib/ruby/gems/2.4.0/gems/bundler-1.16.1/lib/bundler/spec_set.rb:82:in `materialize'
	from /Users/pavelbonda/.rbenv/versions/2.4.2/lib/ruby/gems/2.4.0/gems/bundler-1.16.1/lib/bundler/definition.rb:170:in `specs'
	from /Users/pavelbonda/.rbenv/versions/2.4.2/lib/ruby/gems/2.4.0/gems/bundler-1.16.1/lib/bundler/definition.rb:237:in `specs_for'
	from /Users/pavelbonda/.rbenv/versions/2.4.2/lib/ruby/gems/2.4.0/gems/bundler-1.16.1/lib/bundler/definition.rb:226:in `requested_specs'
	from /Users/pavelbonda/.rbenv/versions/2.4.2/lib/ruby/gems/2.4.0/gems/bundler-1.16.1/lib/bundler/runtime.rb:108:in `block in definition_method'
	from /Users/pavelbonda/.rbenv/versions/2.4.2/lib/ruby/gems/2.4.0/gems/bundler-1.16.1/lib/bundler/runtime.rb:20:in `setup'
	from /Users/pavelbonda/.rbenv/versions/2.4.2/lib/ruby/gems/2.4.0/gems/bundler-1.16.1/lib/bundler.rb:107:in `setup'
	from /Users/pavelbonda/.rbenv/versions/2.4.2/lib/ruby/gems/2.4.0/gems/bundler-1.16.1/lib/bundler/setup.rb:20:in `<top (required)>'
	from /System/Library/Frameworks/Ruby.framework/Versions/2.3/usr/lib/ruby/2.3.0/rubygems/core_ext/kernel_require.rb:55:in `require'
	from /System/Library/Frameworks/Ruby.framework/Versions/2.3/usr/lib/ruby/2.3.0/rubygems/core_ext/kernel_require.rb:55:in `require'
/Users/pavelbonda/.rbenv/versions/2.4.2/lib/ruby/gems/2.4.0/gems/bundler-1.16.1/lib/bundler/spec_set.rb:88:in `block in materialize': Could not find rake-12.3.0 in any of the sources (Bundler::GemNotFound)
	from /Users/pavelbonda/.rbenv/versions/2.4.2/lib/ruby/gems/2.4.0/gems/bundler-1.16.1/lib/bundler/spec_set.rb:82:in `map!'
	from /Users/pavelbonda/.rbenv/versions/2.4.2/lib/ruby/gems/2.4.0/gems/bundler-1.16.1/lib/bundler/spec_set.rb:82:in `materialize'
	from /Users/pavelbonda/.rbenv/versions/2.4.2/lib/ruby/gems/2.4.0/gems/bundler-1.16.1/lib/bundler/definition.rb:170:in `specs'
	from /Users/pavelbonda/.rbenv/versions/2.4.2/lib/ruby/gems/2.4.0/gems/bundler-1.16.1/lib/bundler/definition.rb:237:in `specs_for'
	from /Users/pavelbonda/.rbenv/versions/2.4.2/lib/ruby/gems/2.4.0/gems/bundler-1.16.1/lib/bundler/definition.rb:226:in `requested_specs'
	from /Users/pavelbonda/.rbenv/versions/2.4.2/lib/ruby/gems/2.4.0/gems/bundler-1.16.1/lib/bundler/runtime.rb:108:in `block in definition_method'
	from /Users/pavelbonda/.rbenv/versions/2.4.2/lib/ruby/gems/2.4.0/gems/bundler-1.16.1/lib/bundler/runtime.rb:20:in `setup'
	from /Users/pavelbonda/.rbenv/versions/2.4.2/lib/ruby/gems/2.4.0/gems/bundler-1.16.1/lib/bundler.rb:107:in `setup'
	from /Users/pavelbonda/.rbenv/versions/2.4.2/lib/ruby/gems/2.4.0/gems/bundler-1.16.1/lib/bundler/setup.rb:20:in `<top (required)>'
	from /System/Library/Frameworks/Ruby.framework/Versions/2.3/usr/lib/ruby/2.3.0/rubygems/core_ext/kernel_require.rb:55:in `require'
	from /System/Library/Frameworks/Ruby.framework/Versions/2.3/usr/lib/ruby/2.3.0/rubygems/core_ext/kernel_require.rb:55:in `require'
/Users/pavelbonda/.rbenv/versions/2.4.2/lib/ruby/gems/2.4.0/gems/bundler-1.16.1/lib/bundler/spec_set.rb:88:in `block in materialize'/Users/pavelbonda/.rbenv/versions/2.4.2/lib/ruby/gems/2.4.0/gems/bundler-1.16.1/lib/bundler/spec_set.rb:88:in `block in materialize': Could not find rake-12.3.0 in any of the sources (Bundler::GemNotFound)
: 	from /Users/pavelbonda/.rbenv/versions/2.4.2/lib/ruby/gems/2.4.0/gems/bundler-1.16.1/lib/bundler/spec_set.rb:82:in `map!'
Could not find rake-12.3.0 in any of the sources	from /Users/pavelbonda/.rbenv/versions/2.4.2/lib/ruby/gems/2.4.0/gems/bundler-1.16.1/lib/bundler/spec_set.rb:82:in `materialize'
 (Bundler::GemNotFound	from /Users/pavelbonda/.rbenv/versions/2.4.2/lib/ruby/gems/2.4.0/gems/bundler-1.16.1/lib/bundler/definition.rb:170:in `specs'
)
	from /Users/pavelbonda/.rbenv/versions/2.4.2/lib/ruby/gems/2.4.0/gems/bundler-1.16.1/lib/bundler/definition.rb:237:in `specs_for'
	from /Users/pavelbonda/.rbenv/versions/2.4.2/lib/ruby/gems/2.4.0/gems/bundler-1.16.1/lib/bundler/spec_set.rb:82:in `map!'
	from /Users/pavelbonda/.rbenv/versions/2.4.2/lib/ruby/gems/2.4.0/gems/bundler-1.16.1/lib/bundler/definition.rb:226:in `requested_specs'
	from /Users/pavelbonda/.rbenv/versions/2.4.2/lib/ruby/gems/2.4.0/gems/bundler-1.16.1/lib/bundler/spec_set.rb:82:in `materialize'
	from /Users/pavelbonda/.rbenv/versions/2.4.2/lib/ruby/gems/2.4.0/gems/bundler-1.16.1/lib/bundler/runtime.rb:108:in `block in definition_method'
	from /Users/pavelbonda/.rbenv/versions/2.4.2/lib/ruby/gems/2.4.0/gems/bundler-1.16.1/lib/bundler/definition.rb:170:in `specs'
	from /Users/pavelbonda/.rbenv/versions/2.4.2/lib/ruby/gems/2.4.0/gems/bundler-1.16.1/lib/bundler/runtime.rb:20:in `setup'
	from /Users/pavelbonda/.rbenv/versions/2.4.2/lib/ruby/gems/2.4.0/gems/bundler-1.16.1/lib/bundler/definition.rb:237:in `specs_for'
	from /Users/pavelbonda/.rbenv/versions/2.4.2/lib/ruby/gems/2.4.0/gems/bundler-1.16.1/lib/bundler.rb:107:in `setup'
	from /Users/pavelbonda/.rbenv/versions/2.4.2/lib/ruby/gems/2.4.0/gems/bundler-1.16.1/lib/bundler/definition.rb:226:in `requested_specs'
	from /Users/pavelbonda/.rbenv/versions/2.4.2/lib/ruby/gems/2.4.0/gems/bundler-1.16.1/lib/bundler/setup.rb:20:in `<top (required)>'
	from /Users/pavelbonda/.rbenv/versions/2.4.2/lib/ruby/gems/2.4.0/gems/bundler-1.16.1/lib/bundler/runtime.rb:108:in `block in definition_method'
	from /System/Library/Frameworks/Ruby.framework/Versions/2.3/usr/lib/ruby/2.3.0/rubygems/core_ext/kernel_require.rb:55:in `require'
	from /Users/pavelbonda/.rbenv/versions/2.4.2/lib/ruby/gems/2.4.0/gems/bundler-1.16.1/lib/bundler/runtime.rb:20:in `setup'
	from /System/Library/Frameworks/Ruby.framework/Versions/2.3/usr/lib/ruby/2.3.0/rubygems/core_ext/kernel_require.rb:55:in `require'
	from /Users/pavelbonda/.rbenv/versions/2.4.2/lib/ruby/gems/2.4.0/gems/bundler-1.16.1/lib/bundler.rb:107:in `setup'
	from /Users/pavelbonda/.rbenv/versions/2.4.2/lib/ruby/gems/2.4.0/gems/bundler-1.16.1/lib/bundler/setup.rb:20:in `<top (required)>'
	from /System/Library/Frameworks/Ruby.framework/Versions/2.3/usr/lib/ruby/2.3.0/rubygems/core_ext/kernel_require.rb:55:in `require'
	from /System/Library/Frameworks/Ruby.framework/Versions/2.3/usr/lib/ruby/2.3.0/rubygems/core_ext/kernel_require.rb:55:in `require'
/Users/pavelbonda/.rbenv/versions/2.4.2/lib/ruby/gems/2.4.0/gems/bundler-1.16.1/lib/bundler/spec_set.rb:88:in `block in materialize': Could not find rake-12.3.0 in any of the sources (Bundler::GemNotFound)
	from /Users/pavelbonda/.rbenv/versions/2.4.2/lib/ruby/gems/2.4.0/gems/bundler-1.16.1/lib/bundler/spec_set.rb:82:in `map!'
	from /Users/pavelbonda/.rbenv/versions/2.4.2/lib/ruby/gems/2.4.0/gems/bundler-1.16.1/lib/bundler/spec_set.rb:82:in `materialize'
	from /Users/pavelbonda/.rbenv/versions/2.4.2/lib/ruby/gems/2.4.0/gems/bundler-1.16.1/lib/bundler/definition.rb:170:in `specs'
	from /Users/pavelbonda/.rbenv/versions/2.4.2/lib/ruby/gems/2.4.0/gems/bundler-1.16.1/lib/bundler/definition.rb:237:in `specs_for'
	from /Users/pavelbonda/.rbenv/versions/2.4.2/lib/ruby/gems/2.4.0/gems/bundler-1.16.1/lib/bundler/definition.rb:226:in `requested_specs'
	from /Users/pavelbonda/.rbenv/versions/2.4.2/lib/ruby/gems/2.4.0/gems/bundler-1.16.1/lib/bundler/runtime.rb:108:in `block in definition_method'
	from /Users/pavelbonda/.rbenv/versions/2.4.2/lib/ruby/gems/2.4.0/gems/bundler-1.16.1/lib/bundler/runtime.rb:20:in `setup'
	from /Users/pavelbonda/.rbenv/versions/2.4.2/lib/ruby/gems/2.4.0/gems/bundler-1.16.1/lib/bundler.rb:107:in `setup'
	from /Users/pavelbonda/.rbenv/versions/2.4.2/lib/ruby/gems/2.4.0/gems/bundler-1.16.1/lib/bundler/setup.rb:20:in `<top (required)>'
	from /System/Library/Frameworks/Ruby.framework/Versions/2.3/usr/lib/ruby/2.3.0/rubygems/core_ext/kernel_require.rb:55:in `require'
	from /System/Library/Frameworks/Ruby.framework/Versions/2.3/usr/lib/ruby/2.3.0/rubygems/core_ext/kernel_require.rb:55:in `require'
/Users/pavelbonda/.rbenv/versions/2.4.2/lib/ruby/gems/2.4.0/gems/bundler-1.16.1/lib/bundler/spec_set.rb:88:in `block in materialize': Could not find rake-12.3.0 in any of the sources (Bundler::GemNotFound)
	from /Users/pavelbonda/.rbenv/versions/2.4.2/lib/ruby/gems/2.4.0/gems/bundler-1.16.1/lib/bundler/spec_set.rb:82:in `map!'
	from /Users/pavelbonda/.rbenv/versions/2.4.2/lib/ruby/gems/2.4.0/gems/bundler-1.16.1/lib/bundler/spec_set.rb:82:in `materialize'
	from /Users/pavelbonda/.rbenv/versions/2.4.2/lib/ruby/gems/2.4.0/gems/bundler-1.16.1/lib/bundler/definition.rb:170:in `specs'
	from /Users/pavelbonda/.rbenv/versions/2.4.2/lib/ruby/gems/2.4.0/gems/bundler-1.16.1/lib/bundler/definition.rb:237:in `specs_for'
	from /Users/pavelbonda/.rbenv/versions/2.4.2/lib/ruby/gems/2.4.0/gems/bundler-1.16.1/lib/bundler/definition.rb:226:in `requested_specs'
	from /Users/pavelbonda/.rbenv/versions/2.4.2/lib/ruby/gems/2.4.0/gems/bundler-1.16.1/lib/bundler/runtime.rb:108:in `block in definition_method'
	from /Users/pavelbonda/.rbenv/versions/2.4.2/lib/ruby/gems/2.4.0/gems/bundler-1.16.1/lib/bundler/runtime.rb:20:in `setup'
	from /Users/pavelbonda/.rbenv/versions/2.4.2/lib/ruby/gems/2.4.0/gems/bundler-1.16.1/lib/bundler.rb:107:in `setup'
	from /Users/pavelbonda/.rbenv/versions/2.4.2/lib/ruby/gems/2.4.0/gems/bundler-1.16.1/lib/bundler/setup.rb:20:in `<top (required)>'
	from /System/Library/Frameworks/Ruby.framework/Versions/2.3/usr/lib/ruby/2.3.0/rubygems/core_ext/kernel_require.rb:55:in `require'
	from /System/Library/Frameworks/Ruby.framework/Versions/2.3/usr/lib/ruby/2.3.0/rubygems/core_ext/kernel_require.rb:55:in `require'
/Users/pavelbonda/.rbenv/versions/2.4.2/lib/ruby/gems/2.4.0/gems/bundler-1.16.1/lib/bundler/spec_set.rb:88:in `block in materialize': Could not find rake-12.3.0 in any of the sources (Bundler::GemNotFound)
	from /Users/pavelbonda/.rbenv/versions/2.4.2/lib/ruby/gems/2.4.0/gems/bundler-1.16.1/lib/bundler/spec_set.rb:82:in `map!'
	from /Users/pavelbonda/.rbenv/versions/2.4.2/lib/ruby/gems/2.4.0/gems/bundler-1.16.1/lib/bundler/spec_set.rb:82:in `materialize'
	from /Users/pavelbonda/.rbenv/versions/2.4.2/lib/ruby/gems/2.4.0/gems/bundler-1.16.1/lib/bundler/definition.rb:170:in `specs'
	from /Users/pavelbonda/.rbenv/versions/2.4.2/lib/ruby/gems/2.4.0/gems/bundler-1.16.1/lib/bundler/definition.rb:237:in `specs_for'
	from /Users/pavelbonda/.rbenv/versions/2.4.2/lib/ruby/gems/2.4.0/gems/bundler-1.16.1/lib/bundler/definition.rb:226:in `requested_specs'
	from /Users/pavelbonda/.rbenv/versions/2.4.2/lib/ruby/gems/2.4.0/gems/bundler-1.16.1/lib/bundler/runtime.rb:108:in `block in definition_method'
	from /Users/pavelbonda/.rbenv/versions/2.4.2/lib/ruby/gems/2.4.0/gems/bundler-1.16.1/lib/bundler/runtime.rb:20:in `setup'
	from /Users/pavelbonda/.rbenv/versions/2.4.2/lib/ruby/gems/2.4.0/gems/bundler-1.16.1/lib/bundler.rb:107:in `setup'
	from /Users/pavelbonda/.rbenv/versions/2.4.2/lib/ruby/gems/2.4.0/gems/bundler-1.16.1/lib/bundler/setup.rb:20:in `<top (required)>'
	from /System/Library/Frameworks/Ruby.framework/Versions/2.3/usr/lib/ruby/2.3.0/rubygems/core_ext/kernel_require.rb:55:in `require'
	from /System/Library/Frameworks/Ruby.framework/Versions/2.3/usr/lib/ruby/2.3.0/rubygems/core_ext/kernel_require.rb:55:in `require'
/Users/pavelbonda/.rbenv/versions/2.4.2/lib/ruby/gems/2.4.0/gems/bundler-1.16.1/lib/bundler/spec_set.rb:88:in `block in materialize': Could not find rake-12.3.0 in any of the sources (Bundler::GemNotFound)
	from /Users/pavelbonda/.rbenv/versions/2.4.2/lib/ruby/gems/2.4.0/gems/bundler-1.16.1/lib/bundler/spec_set.rb:82:in `map!'
	from /Users/pavelbonda/.rbenv/versions/2.4.2/lib/ruby/gems/2.4.0/gems/bundler-1.16.1/lib/bundler/spec_set.rb:82:in `materialize'
	from /Users/pavelbonda/.rbenv/versions/2.4.2/lib/ruby/gems/2.4.0/gems/bundler-1.16.1/lib/bundler/definition.rb:170:in `specs'
	from /Users/pavelbonda/.rbenv/versions/2.4.2/lib/ruby/gems/2.4.0/gems/bundler-1.16.1/lib/bundler/definition.rb:237:in `specs_for'
	from /Users/pavelbonda/.rbenv/versions/2.4.2/lib/ruby/gems/2.4.0/gems/bundler-1.16.1/lib/bundler/definition.rb:226:in `requested_specs'
	from /Users/pavelbonda/.rbenv/versions/2.4.2/lib/ruby/gems/2.4.0/gems/bundler-1.16.1/lib/bundler/runtime.rb:108:in `block in definition_method'
	from /Users/pavelbonda/.rbenv/versions/2.4.2/lib/ruby/gems/2.4.0/gems/bundler-1.16.1/lib/bundler/runtime.rb:20:in `setup'
	from /Users/pavelbonda/.rbenv/versions/2.4.2/lib/ruby/gems/2.4.0/gems/bundler-1.16.1/lib/bundler.rb:107:in `setup'
	from /Users/pavelbonda/.rbenv/versions/2.4.2/lib/ruby/gems/2.4.0/gems/bundler-1.16.1/lib/bundler/setup.rb:20:in `<top (required)>'
	from /System/Library/Frameworks/Ruby.framework/Versions/2.3/usr/lib/ruby/2.3.0/rubygems/core_ext/kernel_require.rb:55:in `require'
	from /System/Library/Frameworks/Ruby.framework/Versions/2.3/usr/lib/ruby/2.3.0/rubygems/core_ext/kernel_require.rb:55:in `require'
/Users/pavelbonda/.rbenv/versions/2.4.2/lib/ruby/gems/2.4.0/gems/bundler-1.16.1/lib/bundler/spec_set.rb:88:in `block in materialize': Could not find rake-12.3.0 in any of the sources (Bundler::GemNotFound)
	from /Users/pavelbonda/.rbenv/versions/2.4.2/lib/ruby/gems/2.4.0/gems/bundler-1.16.1/lib/bundler/spec_set.rb:82:in `map!'
	from /Users/pavelbonda/.rbenv/versions/2.4.2/lib/ruby/gems/2.4.0/gems/bundler-1.16.1/lib/bundler/spec_set.rb:82:in `materialize'
	from /Users/pavelbonda/.rbenv/versions/2.4.2/lib/ruby/gems/2.4.0/gems/bundler-1.16.1/lib/bundler/definition.rb:170:in `specs'
	from /Users/pavelbonda/.rbenv/versions/2.4.2/lib/ruby/gems/2.4.0/gems/bundler-1.16.1/lib/bundler/definition.rb:237:in `specs_for'
	from /Users/pavelbonda/.rbenv/versions/2.4.2/lib/ruby/gems/2.4.0/gems/bundler-1.16.1/lib/bundler/definition.rb:226:in `requested_specs'
	from /Users/pavelbonda/.rbenv/versions/2.4.2/lib/ruby/gems/2.4.0/gems/bundler-1.16.1/lib/bundler/runtime.rb:108:in `block in definition_method'
	from /Users/pavelbonda/.rbenv/versions/2.4.2/lib/ruby/gems/2.4.0/gems/bundler-1.16.1/lib/bundler/runtime.rb:20:in `setup'
	from /Users/pavelbonda/.rbenv/versions/2.4.2/lib/ruby/gems/2.4.0/gems/bundler-1.16.1/lib/bundler.rb:107:in `setup'
	from /Users/pavelbonda/.rbenv/versions/2.4.2/lib/ruby/gems/2.4.0/gems/bundler-1.16.1/lib/bundler/setup.rb:20:in `<top (required)>'
	from /System/Library/Frameworks/Ruby.framework/Versions/2.3/usr/lib/ruby/2.3.0/rubygems/core_ext/kernel_require.rb:55:in `require'
	from /System/Library/Frameworks/Ruby.framework/Versions/2.3/usr/lib/ruby/2.3.0/rubygems/core_ext/kernel_require.rb:55:in `require'
/Users/pavelbonda/.rbenv/versions/2.4.2/lib/ruby/gems/2.4.0/gems/bundler-1.16.1/lib/bundler/spec_set.rb:88:in `block in materialize'/Users/pavelbonda/.rbenv/versions/2.4.2/lib/ruby/gems/2.4.0/gems/bundler-1.16.1/lib/bundler/spec_set.rb:88:in `block in materialize': Could not find rake-12.3.0 in any of the sources:  (Could not find rake-12.3.0 in any of the sourcesBundler::GemNotFound ()
Bundler::GemNotFound)
	from /Users/pavelbonda/.rbenv/versions/2.4.2/lib/ruby/gems/2.4.0/gems/bundler-1.16.1/lib/bundler/spec_set.rb:82:in `map!'
	from /Users/pavelbonda/.rbenv/versions/2.4.2/lib/ruby/gems/2.4.0/gems/bundler-1.16.1/lib/bundler/spec_set.rb:82:in `map!'
	from /Users/pavelbonda/.rbenv/versions/2.4.2/lib/ruby/gems/2.4.0/gems/bundler-1.16.1/lib/bundler/spec_set.rb:82:in `materialize'
	from /Users/pavelbonda/.rbenv/versions/2.4.2/lib/ruby/gems/2.4.0/gems/bundler-1.16.1/lib/bundler/spec_set.rb:82:in `materialize'
	from /Users/pavelbonda/.rbenv/versions/2.4.2/lib/ruby/gems/2.4.0/gems/bundler-1.16.1/lib/bundler/definition.rb:170:in `specs'
	from /Users/pavelbonda/.rbenv/versions/2.4.2/lib/ruby/gems/2.4.0/gems/bundler-1.16.1/lib/bundler/definition.rb:170:in `specs'
	from /Users/pavelbonda/.rbenv/versions/2.4.2/lib/ruby/gems/2.4.0/gems/bundler-1.16.1/lib/bundler/definition.rb:237:in `specs_for'
	from /Users/pavelbonda/.rbenv/versions/2.4.2/lib/ruby/gems/2.4.0/gems/bundler-1.16.1/lib/bundler/definition.rb:237:in `specs_for'
	from /Users/pavelbonda/.rbenv/versions/2.4.2/lib/ruby/gems/2.4.0/gems/bundler-1.16.1/lib/bundler/definition.rb:226:in `requested_specs'
	from /Users/pavelbonda/.rbenv/versions/2.4.2/lib/ruby/gems/2.4.0/gems/bundler-1.16.1/lib/bundler/definition.rb:226:in `requested_specs'
	from /Users/pavelbonda/.rbenv/versions/2.4.2/lib/ruby/gems/2.4.0/gems/bundler-1.16.1/lib/bundler/runtime.rb:108:in `block in definition_method'
	from /Users/pavelbonda/.rbenv/versions/2.4.2/lib/ruby/gems/2.4.0/gems/bundler-1.16.1/lib/bundler/runtime.rb:20:in `setup'
	from /Users/pavelbonda/.rbenv/versions/2.4.2/lib/ruby/gems/2.4.0/gems/bundler-1.16.1/lib/bundler.rb:107:in `setup'
	from /Users/pavelbonda/.rbenv/versions/2.4.2/lib/ruby/gems/2.4.0/gems/bundler-1.16.1/lib/bundler/setup.rb:20:in `<top (required)>'
	from /Users/pavelbonda/.rbenv/versions/2.4.2/lib/ruby/gems/2.4.0/gems/bundler-1.16.1/lib/bundler/runtime.rb:108:in `block in definition_method'
	from /System/Library/Frameworks/Ruby.framework/Versions/2.3/usr/lib/ruby/2.3.0/rubygems/core_ext/kernel_require.rb:55:in `require'
	from /System/Library/Frameworks/Ruby.framework/Versions/2.3/usr/lib/ruby/2.3.0/rubygems/core_ext/kernel_require.rb:55:in `require'
	from /Users/pavelbonda/.rbenv/versions/2.4.2/lib/ruby/gems/2.4.0/gems/bundler-1.16.1/lib/bundler/runtime.rb:20:in `setup'
	from /Users/pavelbonda/.rbenv/versions/2.4.2/lib/ruby/gems/2.4.0/gems/bundler-1.16.1/lib/bundler.rb:107:in `setup'
	from /Users/pavelbonda/.rbenv/versions/2.4.2/lib/ruby/gems/2.4.0/gems/bundler-1.16.1/lib/bundler/setup.rb:20:in `<top (required)>'
	from /System/Library/Frameworks/Ruby.framework/Versions/2.3/usr/lib/ruby/2.3.0/rubygems/core_ext/kernel_require.rb:55:in `require'
	from /System/Library/Frameworks/Ruby.framework/Versions/2.3/usr/lib/ruby/2.3.0/rubygems/core_ext/kernel_require.rb:55:in `require'
/Users/pavelbonda/.rbenv/versions/2.4.2/lib/ruby/gems/2.4.0/gems/bundler-1.16.1/lib/bundler/spec_set.rb:88:in `block in materialize': Could not find rake-12.3.0 in any of the sources (Bundler::GemNotFound)
	from /Users/pavelbonda/.rbenv/versions/2.4.2/lib/ruby/gems/2.4.0/gems/bundler-1.16.1/lib/bundler/spec_set.rb:82:in `map!'
	from /Users/pavelbonda/.rbenv/versions/2.4.2/lib/ruby/gems/2.4.0/gems/bundler-1.16.1/lib/bundler/spec_set.rb:82:in `materialize'
	from /Users/pavelbonda/.rbenv/versions/2.4.2/lib/ruby/gems/2.4.0/gems/bundler-1.16.1/lib/bundler/definition.rb:170:in `specs'
	from /Users/pavelbonda/.rbenv/versions/2.4.2/lib/ruby/gems/2.4.0/gems/bundler-1.16.1/lib/bundler/definition.rb:237:in `specs_for'
	from /Users/pavelbonda/.rbenv/versions/2.4.2/lib/ruby/gems/2.4.0/gems/bundler-1.16.1/lib/bundler/definition.rb:226:in `requested_specs'
	from /Users/pavelbonda/.rbenv/versions/2.4.2/lib/ruby/gems/2.4.0/gems/bundler-1.16.1/lib/bundler/runtime.rb:108:in `block in definition_method'
	from /Users/pavelbonda/.rbenv/versions/2.4.2/lib/ruby/gems/2.4.0/gems/bundler-1.16.1/lib/bundler/runtime.rb:20:in `setup'
	from /Users/pavelbonda/.rbenv/versions/2.4.2/lib/ruby/gems/2.4.0/gems/bundler-1.16.1/lib/bundler.rb:107:in `setup'
	from /Users/pavelbonda/.rbenv/versions/2.4.2/lib/ruby/gems/2.4.0/gems/bundler-1.16.1/lib/bundler/setup.rb:20:in `<top (required)>'
	from /System/Library/Frameworks/Ruby.framework/Versions/2.3/usr/lib/ruby/2.3.0/rubygems/core_ext/kernel_require.rb:55:in `require'
	from /System/Library/Frameworks/Ruby.framework/Versions/2.3/usr/lib/ruby/2.3.0/rubygems/core_ext/kernel_require.rb:55:in `require'
/Users/pavelbonda/.rbenv/versions/2.4.2/lib/ruby/gems/2.4.0/gems/bundler-1.16.1/lib/bundler/spec_set.rb:88:in `block in materialize': Could not find rake-12.3.0 in any of the sources (Bundler::GemNotFound)
	from /Users/pavelbonda/.rbenv/versions/2.4.2/lib/ruby/gems/2.4.0/gems/bundler-1.16.1/lib/bundler/spec_set.rb:82:in `map!'
	from /Users/pavelbonda/.rbenv/versions/2.4.2/lib/ruby/gems/2.4.0/gems/bundler-1.16.1/lib/bundler/spec_set.rb:82:in `materialize'
	from /Users/pavelbonda/.rbenv/versions/2.4.2/lib/ruby/gems/2.4.0/gems/bundler-1.16.1/lib/bundler/definition.rb:170:in `specs'
	from /Users/pavelbonda/.rbenv/versions/2.4.2/lib/ruby/gems/2.4.0/gems/bundler-1.16.1/lib/bundler/definition.rb:237:in `specs_for'
	from /Users/pavelbonda/.rbenv/versions/2.4.2/lib/ruby/gems/2.4.0/gems/bundler-1.16.1/lib/bundler/definition.rb:226:in `requested_specs'
	from /Users/pavelbonda/.rbenv/versions/2.4.2/lib/ruby/gems/2.4.0/gems/bundler-1.16.1/lib/bundler/runtime.rb:108:in `block in definition_method'
	from /Users/pavelbonda/.rbenv/versions/2.4.2/lib/ruby/gems/2.4.0/gems/bundler-1.16.1/lib/bundler/runtime.rb:20:in `setup'
	from /Users/pavelbonda/.rbenv/versions/2.4.2/lib/ruby/gems/2.4.0/gems/bundler-1.16.1/lib/bundler.rb:107:in `setup'
	from /Users/pavelbonda/.rbenv/versions/2.4.2/lib/ruby/gems/2.4.0/gems/bundler-1.16.1/lib/bundler/setup.rb:20:in `<top (required)>'
	from /System/Library/Frameworks/Ruby.framework/Versions/2.3/usr/lib/ruby/2.3.0/rubygems/core_ext/kernel_require.rb:55:in `require'
	from /System/Library/Frameworks/Ruby.framework/Versions/2.3/usr/lib/ruby/2.3.0/rubygems/core_ext/kernel_require.rb:55:in `require'
/Users/pavelbonda/.rbenv/versions/2.4.2/lib/ruby/gems/2.4.0/gems/bundler-1.16.1/lib/bundler/spec_set.rb:88:in `block in materialize': Could not find rake-12.3.0 in any of the sources (Bundler::GemNotFound)
	from /Users/pavelbonda/.rbenv/versions/2.4.2/lib/ruby/gems/2.4.0/gems/bundler-1.16.1/lib/bundler/spec_set.rb:82:in `map!'
	from /Users/pavelbonda/.rbenv/versions/2.4.2/lib/ruby/gems/2.4.0/gems/bundler-1.16.1/lib/bundler/spec_set.rb:82:in `materialize'
	from /Users/pavelbonda/.rbenv/versions/2.4.2/lib/ruby/gems/2.4.0/gems/bundler-1.16.1/lib/bundler/definition.rb:170:in `specs'
	from /Users/pavelbonda/.rbenv/versions/2.4.2/lib/ruby/gems/2.4.0/gems/bundler-1.16.1/lib/bundler/definition.rb:237:in `specs_for'
	from /Users/pavelbonda/.rbenv/versions/2.4.2/lib/ruby/gems/2.4.0/gems/bundler-1.16.1/lib/bundler/definition.rb:226:in `requested_specs'
	from /Users/pavelbonda/.rbenv/versions/2.4.2/lib/ruby/gems/2.4.0/gems/bundler-1.16.1/lib/bundler/runtime.rb:108:in `block in definition_method'
	from /Users/pavelbonda/.rbenv/versions/2.4.2/lib/ruby/gems/2.4.0/gems/bundler-1.16.1/lib/bundler/runtime.rb:20:in `setup'
	from /Users/pavelbonda/.rbenv/versions/2.4.2/lib/ruby/gems/2.4.0/gems/bundler-1.16.1/lib/bundler.rb:107:in `setup'
	from /Users/pavelbonda/.rbenv/versions/2.4.2/lib/ruby/gems/2.4.0/gems/bundler-1.16.1/lib/bundler/setup.rb:20:in `<top (required)>'
	from /System/Library/Frameworks/Ruby.framework/Versions/2.3/usr/lib/ruby/2.3.0/rubygems/core_ext/kernel_require.rb:55:in `require'
	from /System/Library/Frameworks/Ruby.framework/Versions/2.3/usr/lib/ruby/2.3.0/rubygems/core_ext/kernel_require.rb:55:in `require'
/Users/pavelbonda/.rbenv/versions/2.4.2/lib/ruby/gems/2.4.0/gems/bundler-1.16.1/lib/bundler/spec_set.rb:88:in `block in materialize': Could not find rake-12.3.0 in any of the sources (Bundler::GemNotFound)
	from /Users/pavelbonda/.rbenv/versions/2.4.2/lib/ruby/gems/2.4.0/gems/bundler-1.16.1/lib/bundler/spec_set.rb:82:in `map!'
	from /Users/pavelbonda/.rbenv/versions/2.4.2/lib/ruby/gems/2.4.0/gems/bundler-1.16.1/lib/bundler/spec_set.rb:82:in `materialize'
	from /Users/pavelbonda/.rbenv/versions/2.4.2/lib/ruby/gems/2.4.0/gems/bundler-1.16.1/lib/bundler/definition.rb:170:in `specs'
	from /Users/pavelbonda/.rbenv/versions/2.4.2/lib/ruby/gems/2.4.0/gems/bundler-1.16.1/lib/bundler/definition.rb:237:in `specs_for'
	from /Users/pavelbonda/.rbenv/versions/2.4.2/lib/ruby/gems/2.4.0/gems/bundler-1.16.1/lib/bundler/definition.rb:226:in `requested_specs'
	from /Users/pavelbonda/.rbenv/versions/2.4.2/lib/ruby/gems/2.4.0/gems/bundler-1.16.1/lib/bundler/runtime.rb:108:in `block in definition_method'
	from /Users/pavelbonda/.rbenv/versions/2.4.2/lib/ruby/gems/2.4.0/gems/bundler-1.16.1/lib/bundler/runtime.rb:20:in `setup'
	from /Users/pavelbonda/.rbenv/versions/2.4.2/lib/ruby/gems/2.4.0/gems/bundler-1.16.1/lib/bundler.rb:107:in `setup'
	from /Users/pavelbonda/.rbenv/versions/2.4.2/lib/ruby/gems/2.4.0/gems/bundler-1.16.1/lib/bundler/setup.rb:20:in `<top (required)>'
	from /System/Library/Frameworks/Ruby.framework/Versions/2.3/usr/lib/ruby/2.3.0/rubygems/core_ext/kernel_require.rb:55:in `require'
	from /System/Library/Frameworks/Ruby.framework/Versions/2.3/usr/lib/ruby/2.3.0/rubygems/core_ext/kernel_require.rb:55:in `require'
